--- THOTH KNOWLEDGE REINFORCEMENT ---
Total paragraphs to review: 109
Total estimated training steps: 3270 epochs
============================================================

>>> PASS 1 STARTING...
[1/109] Training on: "Algorithms are fundamental building blocks of computer scien..."
[6/109] Training on: "Artificial intelligence (AI) is intelligence demonstrated by..."
[11/109] Training on: "Artificial intelligence is a branch of computer science that..."
[16/109] Training on: "Modern cities are becoming increasingly dependent on interco..."
[21/109] Training on: "Quantum computing represents a transformative area of resear..."
[26/109] Training on: "Artificial intelligence has become one of the most transform..."
[31/109] Training on: "Computer vision systems process visual information by extrac..."
[36/109] Training on: "Database systems are designed to provide efficient storage, ..."
[41/109] Training on: "I was thinking recently about how quickly technology changes..."
[46/109] Training on: "Cloud computing platforms provide scalable computational res..."
[51/109] Training on: "Climate change remains one of the most significant global ch..."
[56/109] Training on: "Scientific computing combines numerical analysis, simulation..."
[61/109] Training on: "Egyptian society was highly organized. Scribes, priests, sol..."
[66/109] Training on: "Computer vision systems process visual information through c..."
[71/109] Training on: "Database systems are essential for storing and managing stru..."
[76/109] Training on: "Database management systems organize structured information ..."
[81/109] Training on: "Ancient Egyptians are especially known for monumental archit..."
[86/109] Training on: "Economic systems are influenced by production capacity, tech..."
[91/109] Training on: "Pretraining datasets play a crucial role in determining the ..."
[96/109] Training on: "Education is important for everyone. Schools teach students ..."
[101/109] Training on: "Checksum or hash sums in computing..."
[106/109] Training on: "The growing use of artificial intelligence in the 21st centu..."

>>> PASS 2 STARTING...
[1/109] Training on: "The numbers are combined together, so adding 5 to 7 gives 12..."
[6/109] Training on: "Advancements in biomedical engineering have revolutionized m..."
[11/109] Training on: "Distributed computing frameworks enable large-scale data pro..."
[16/109] Training on: "Music has a unique ability to influence emotion, concentrati..."
[21/109] Training on: "Recent developments in computational neuroscience have signi..."
[26/109] Training on: "Deep learning architectures consist of multiple computationa..."
[31/109] Training on: "The history of human civilization spans thousands of years. ..."
[36/109] Training on: "Education systems across the world are undergoing significan..."
[41/109] Training on: "The Transformer is a deep learning model that adopts the mec..."
[46/109] Training on: "Software engineering emphasizes maintainability, reliability..."
[51/109] Training on: "Education is important for everyone. Schools teach students ..."
[56/109] Training on: "The civilization depended heavily on the Nile River, whose a..."
[61/109] Training on: "Large language models rely heavily on transformer architectu..."
[66/109] Training on: "Cloud computing infrastructure enables scalable resource all..."
[71/109] Training on: "The Nile is a major north-flowing river in northeastern Afri..."
[76/109] Training on: "Mathematics is an area of knowledge that includes the study ..."
[81/109] Training on: "Large language models learn probabilistic representations of..."
[86/109] Training on: "Machine learning models require carefully prepared datasets ..."
[91/109] Training on: "What is artificial intelligence?..."
[96/109] Training on: "Checksum or hash sums in computing..."
[101/109] Training on: "Artificial intelligence (AI) is the intelligence of machines..."
[106/109] Training on: "Climate change is one of the biggest challenges facing human..."

============================================================
Reinforcement complete! Thoth's memory has been strengthened.
